<html>
<body>
<pre>
<h1>µVision Build Log</h1>
<h2>Tool Versions:</h2>
IDE-Version: µVision V5.26.2.0
Copyright (C) 2018 ARM Ltd and ARM Germany GmbH. All rights reserved.
License Information:  ,  , LIC=58E4T-RZLLG-0BJEL-0FFU7-P41UZ-9NSWU
 
Tool Versions:
Toolchain:       PK51 Prof. Developers Kit  Version: 9.59.0.0
Toolchain Path:  C:\Keil_v5\C51\BIN
C Compiler:      C51.exe V9.59.0.0
Assembler:       A51.exe V8.2.7.0
Linker/Locator:  BL51.exe V6.22.2.0
Library Manager: LIB51.exe V4.30.1.0
Hex Converter:   OH51.exe V2.7.0.0
CPU DLL:         S8051.DLL V3.122.0.0
Dialog DLL:      DCYG.DLL V2.75.0.0
Target DLL:      SiC8051F.dll V4.4.0.0
Dialog DLL:      TCYG.DLL V2.72.0.0
 
<h2>Project:</h2>
C:\Users\Student\Documents\FBK\CSC-L5\CSC-L5.uvproj
Project File Date:  12/05/2024

<h2>Output:</h2>
Rebuild target 'BIG8051'
compiling osc.c...
compiling wdt.c...
compiling port.c...
compiling timer.c...
compiling lcd.c...
compiling keyboard.c...
compiling uart0.c...
compiling uart1.c...
compiling can.c...
compiling TestCAN.c...
TestCAN.c(133): error C141: syntax error near 'and', expected ','
TestCAN.c(133): error C202: 'and': undefined identifier
TestCAN.c(133): error C141: syntax error near ')', expected ';'
TestCAN.c(137): error C141: syntax error near 'else', expected '__asm'
TestCAN.c(137): error C141: syntax error near 'and', expected ','
TestCAN.c(137): error C202: 'and': undefined identifier
TestCAN.c(137): error C141: syntax error near ')', expected ';'
TestCAN.c(142): error C141: syntax error near 'else', expected '__asm'
TestCAN.c(142): error C141: syntax error near 'and', expected ','
TestCAN.c(142): error C202: 'and': undefined identifier
TestCAN.c(142): error C141: syntax error near ')', expected ';'
Target not created.
Build Time Elapsed:  00:00:01
</pre>
</body>
</html>
